android/app/build/intermediates/manifest_merge_blame_file/release/manifest-merger-blame-release-report.txt
1<?xml version="1.0" encoding="utf-8"?>
2<manifest xmlns:android="http://schemas.android.com/apk/res/android"
3    package="com.healthinfo"
4    android:versionCode="1"
5    android:versionName="1.0" >
6
7    <uses-sdk
8        android:minSdkVersion="21"
8-->src\main\AndroidManifest.xml
9        android:targetSdkVersion="33" />
9-->src\main\AndroidManifest.xml
10
11    <uses-permission android:name="android.permission.INTERNET" />
11-->src\main\AndroidManifest.xml:3:5-67
11-->src\main\AndroidManifest.xml:3:22-64
12
13    <application
13-->src\main\AndroidManifest.xml:5:5-24:19
14        android:name="com.healthinfo.MainApplication"
14-->src\main\AndroidManifest.xml:6:7-38
15        android:allowBackup="false"
15-->src\main\AndroidManifest.xml:10:7-34
16        android:icon="@mipmap/ic_launcher"
16-->src\main\AndroidManifest.xml:8:7-41
17        android:label="@string/app_name"
17-->src\main\AndroidManifest.xml:7:7-39
18        android:roundIcon="@mipmap/ic_launcher_round"
18-->src\main\AndroidManifest.xml:9:7-52
19        android:theme="@style/AppTheme" >
19-->src\main\AndroidManifest.xml:11:7-38
20        <activity
20-->src\main\AndroidManifest.xml:12:7-23:18
21            android:name="com.healthinfo.MainActivity"
21-->src\main\AndroidManifest.xml:13:9-37
22            android:configChanges="keyboard|keyboardHidden|orientation|screenLayout|screenSize|smallestScreenSize|uiMode"
22-->src\main\AndroidManifest.xml:15:9-118
23            android:exported="true"
23-->src\main\AndroidManifest.xml:18:9-32
24            android:label="@string/app_name"
24-->src\main\AndroidManifest.xml:14:9-41
25            android:launchMode="singleTask"
25-->src\main\AndroidManifest.xml:16:9-40
26            android:windowSoftInputMode="adjustResize" >
26-->src\main\AndroidManifest.xml:17:9-51
27            <intent-filter>
27-->src\main\AndroidManifest.xml:19:9-22:25
28                <action android:name="android.intent.action.MAIN" />
28-->src\main\AndroidManifest.xml:20:13-65
28-->src\main\AndroidManifest.xml:20:21-62
29
30                <category android:name="android.intent.category.LAUNCHER" />
30-->src\main\AndroidManifest.xml:21:13-73
30-->src\main\AndroidManifest.xml:21:23-70
31            </intent-filter>
32        </activity>
33    </application>
34
35</manifest>